<?xml version="1.0" encoding="utf-8"?><testsuites name="pytest tests"><testsuite name="pytest" errors="0" failures="0" skipped="0" tests="47" time="21.537" timestamp="2026-04-15T18:14:54.761892+00:00" hostname="agent-env-fea4f2dd-d952-424a-a18e-c0720d6629c4"><testcase classname="test_new_features.TestJWTAuthentication" name="test_login_success" time="1.157" /><testcase classname="test_new_features.TestJWTAuthentication" name="test_login_invalid_credentials" time="0.830" /><testcase classname="test_new_features.TestJWTAuthentication" name="test_login_missing_fields" time="0.833" /><testcase classname="test_new_features.TestE2EEncryptedSubmission" name="test_encrypted_submission_success" time="1.964" /><testcase classname="test_new_features.TestE2EEncryptedSubmission" name="test_submission_without_auth_fails" time="0.830" /><testcase classname="test_new_features.TestE2EEncryptedSubmission" name="test_submission_with_invalid_token_fails" time="0.846" /><testcase classname="test_new_features.TestSecureWiseDriveAnalyticsCode" name="test_wisedrive_endpoint_hardcoded" time="0.000" /><testcase classname="test_new_features.TestSecureWiseDriveAnalyticsCode" name="test_wisedrive_auth_endpoint_present" time="0.000" /><testcase classname="test_new_features.TestSecureWiseDriveAnalyticsCode" name="test_jwt_auth_credentials" time="0.000" /><testcase classname="test_new_features.TestSecureWiseDriveAnalyticsCode" name="test_dual_submission_paths" time="0.000" /><testcase classname="test_new_features.TestSecureWiseDriveAnalyticsCode" name="test_bearer_token_auth" time="0.000" /><testcase classname="test_new_features.TestSecureWiseDriveAnalyticsCode" name="test_token_refresh_logic" time="0.000" /><testcase classname="test_new_features.TestSecureWiseDriveAnalyticsCode" name="test_client_receives_plain_json" time="0.000" /><testcase classname="test_new_features.TestSDKErrorReporterCode" name="test_error_types_defined" time="0.000" /><testcase classname="test_new_features.TestSDKErrorReporterCode" name="test_error_queue_present" time="0.000" /><testcase classname="test_new_features.TestSDKErrorReporterCode" name="test_flush_mechanism" time="0.000" /><testcase classname="test_new_features.TestSDKErrorReporterCode" name="test_encrypted_submission" time="0.000" /><testcase classname="test_new_features.TestSDKErrorReporterCode" name="test_jwt_auth_for_errors" time="0.000" /><testcase classname="test_new_features.TestSDKErrorReporterCode" name="test_error_log_entry_structure" time="0.000" /><testcase classname="test_new_features.TestSDKErrorReporterCode" name="test_singleton_pattern" time="0.000" /><testcase classname="test_new_features.TestCICDWorkflows" name="test_snapshot_triggers" time="0.000" /><testcase classname="test_new_features.TestCICDWorkflows" name="test_snapshot_jdk_setup" time="0.000" /><testcase classname="test_new_features.TestCICDWorkflows" name="test_snapshot_android_sdk" time="0.000" /><testcase classname="test_new_features.TestCICDWorkflows" name="test_snapshot_version_suffix" time="0.000" /><testcase classname="test_new_features.TestCICDWorkflows" name="test_snapshot_jfrog_secrets" time="0.000" /><testcase classname="test_new_features.TestCICDWorkflows" name="test_release_triggers" time="0.000" /><testcase classname="test_new_features.TestCICDWorkflows" name="test_release_version_from_tag" time="0.000" /><testcase classname="test_new_features.TestCICDWorkflows" name="test_release_unit_tests" time="0.000" /><testcase classname="test_new_features.TestCICDWorkflows" name="test_release_jfrog_publish" time="0.000" /><testcase classname="test_new_features.TestCICDWorkflows" name="test_release_notes_generation" time="0.000" /><testcase classname="test_new_features.TestClientIntegrationGuide" name="test_guide_exists" time="0.000" /><testcase classname="test_new_features.TestClientIntegrationGuide" name="test_overview_section" time="0.000" /><testcase classname="test_new_features.TestClientIntegrationGuide" name="test_requirements_section" time="0.000" /><testcase classname="test_new_features.TestClientIntegrationGuide" name="test_repository_setup" time="0.000" /><testcase classname="test_new_features.TestClientIntegrationGuide" name="test_dependency_instructions" time="0.000" /><testcase classname="test_new_features.TestClientIntegrationGuide" name="test_permissions_section" time="0.000" /><testcase classname="test_new_features.TestClientIntegrationGuide" name="test_initialization_code" time="0.000" /><testcase classname="test_new_features.TestClientIntegrationGuide" name="test_client_endpoint_config" time="0.000" /><testcase classname="test_new_features.TestClientIntegrationGuide" name="test_plain_json_explanation" time="0.000" /><testcase classname="test_new_features.TestClientIntegrationGuide" name="test_json_payload_structure" time="0.000" /><testcase classname="test_new_features.TestClientIntegrationGuide" name="test_backend_examples" time="0.000" /><testcase classname="test_new_features.TestClientIntegrationGuide" name="test_error_handling_section" time="0.000" /><testcase classname="test_new_features.TestClientIntegrationGuide" name="test_faq_section" time="0.000" /><testcase classname="test_new_features.TestClientIntegrationGuide" name="test_support_contact" time="0.000" /><testcase classname="test_new_features.TestKotlinCompilation" name="test_sdk_compiles" time="7.241" /><testcase classname="test_new_features.TestRegressionEncryption" name="test_existing_backend_tests_pass" time="7.723" /><testcase classname="test_new_features.TestRegressionEncryption" name="test_anti_re_tests_pass" time="0.030" /></testsuite></testsuites>