<?xml version="1.0" encoding="utf-8"?><testsuites name="pytest tests"><testsuite name="pytest" errors="0" failures="0" skipped="0" tests="46" time="3.726" timestamp="2026-04-15T16:08:26.115520+00:00" hostname="agent-env-fea4f2dd-d952-424a-a18e-c0720d6629c4"><testcase classname="backend.tests.test_wisedrive_encryption.TestBasicEncryptionDecryption" name="test_encrypt_decrypt_full_cycle" time="1.274" /><testcase classname="backend.tests.test_wisedrive_encryption.TestBasicEncryptionDecryption" name="test_encrypt_decrypt_client_data" time="0.712" /><testcase classname="backend.tests.test_wisedrive_encryption.TestWrongKeyRejection" name="test_wrong_private_key_fails" time="0.006" /><testcase classname="backend.tests.test_wisedrive_encryption.TestWrongKeyRejection" name="test_cross_key_decryption_fails" time="0.006" /><testcase classname="backend.tests.test_wisedrive_encryption.TestPayloadTamperingDetection" name="test_single_bit_flip_detected" time="0.006" /><testcase classname="backend.tests.test_wisedrive_encryption.TestPayloadTamperingDetection" name="test_header_modification_detected" time="0.006" /><testcase classname="backend.tests.test_wisedrive_encryption.TestPayloadTamperingDetection" name="test_ciphertext_replacement_detected" time="0.006" /><testcase classname="backend.tests.test_wisedrive_encryption.TestHMACBypassProtection" name="test_zeroed_hmac_rejected" time="0.006" /><testcase classname="backend.tests.test_wisedrive_encryption.TestHMACBypassProtection" name="test_random_hmac_rejected" time="0.006" /><testcase classname="backend.tests.test_wisedrive_encryption.TestDualKeySystem" name="test_client_key_encrypts_for_client_only" time="0.011" /><testcase classname="backend.tests.test_wisedrive_encryption.TestDualKeySystem" name="test_wisedrive_key_encrypts_for_wisedrive_only" time="0.011" /><testcase classname="backend.tests.test_wisedrive_encryption.TestIVUniqueness" name="test_100_encryptions_unique_ivs" time="0.013" /><testcase classname="backend.tests.test_wisedrive_encryption.TestEncryptedPayloadFormat" name="test_magic_bytes_wdsc" time="0.000" /><testcase classname="backend.tests.test_wisedrive_encryption.TestEncryptedPayloadFormat" name="test_magic_bytes_wdsw" time="0.000" /><testcase classname="backend.tests.test_wisedrive_encryption.TestEncryptedPayloadFormat" name="test_version_is_2" time="0.000" /><testcase classname="backend.tests.test_wisedrive_encryption.TestEncryptedPayloadFormat" name="test_key_id_is_1" time="0.000" /><testcase classname="backend.tests.test_wisedrive_encryption.TestEncryptedPayloadFormat" name="test_correct_sizes" time="0.000" /><testcase classname="backend.tests.test_wisedrive_encryption.TestRedTeamSecurity" name="test_brute_force_aes_infeasible" time="0.001" /><testcase classname="backend.tests.test_wisedrive_encryption.TestRedTeamSecurity" name="test_brute_force_rsa_infeasible" time="0.000" /><testcase classname="backend.tests.test_wisedrive_encryption.TestRedTeamSecurity" name="test_known_plaintext_attack_fails" time="0.001" /><testcase classname="backend.tests.test_wisedrive_encryption.TestRedTeamSecurity" name="test_timing_attack_resistance" time="0.264" /><testcase classname="backend.tests.test_wisedrive_encryption.TestRedTeamSecurity" name="test_padding_oracle_not_applicable" time="0.054" /><testcase classname="backend.tests.test_wisedrive_encryption.TestRedTeamSecurity" name="test_memory_dump_no_key_leakage" time="0.006" /><testcase classname="backend.tests.test_wisedrive_encryption.TestErrorHandling" name="test_empty_payload_rejected" time="0.000" /><testcase classname="backend.tests.test_wisedrive_encryption.TestErrorHandling" name="test_truncated_payload_rejected" time="0.000" /><testcase classname="backend.tests.test_wisedrive_encryption.TestErrorHandling" name="test_invalid_base64_rejected" time="0.000" /><testcase classname="backend.tests.test_wisedrive_encryption.TestErrorHandling" name="test_invalid_magic_bytes_rejected" time="0.000" /><testcase classname="backend.tests.test_wisedrive_encryption.TestErrorHandling" name="test_wrong_version_number" time="0.006" /><testcase classname="backend.tests.test_wisedrive_encryption.TestKeyGenerator" name="test_generate_rsa_4096" time="0.304" /><testcase classname="backend.tests.test_wisedrive_encryption.TestKeyGenerator" name="test_generate_rsa_2048" time="0.021" /><testcase classname="backend.tests.test_wisedrive_encryption.TestKeyGenerator" name="test_keys_are_valid_pem_format" time="0.760" /><testcase classname="backend.tests.test_wisedrive_encryption.TestHeaderParsing" name="test_parse_header_wdsw" time="0.001" /><testcase classname="backend.tests.test_wisedrive_encryption.TestHeaderParsing" name="test_parse_header_wdsc" time="0.000" /><testcase classname="backend.tests.test_wisedrive_encryption.TestHMACKeyDerivation" name="test_hmac_key_derivation_consistent" time="0.000" /><testcase classname="backend.tests.test_wisedrive_encryption.TestHMACKeyDerivation" name="test_hmac_key_derivation_different_for_different_aes_keys" time="0.000" /><testcase classname="backend.tests.test_wisedrive_encryption.TestAPIServerEndpoints" name="test_health_endpoint" time="0.004" /><testcase classname="backend.tests.test_wisedrive_encryption.TestAPIServerEndpoints" name="test_public_keys_endpoint" time="0.002" /><testcase classname="backend.tests.test_wisedrive_encryption.TestAPIServerEndpoints" name="test_encrypted_endpoint_with_license_plate" time="0.011" /><testcase classname="backend.tests.test_wisedrive_encryption.TestAPIServerEndpoints" name="test_decrypt_test_endpoint" time="0.010" /><testcase classname="backend.tests.test_wisedrive_encryption.TestReplayAttackProtection" name="test_replay_attack_detected" time="0.011" /><testcase classname="backend.tests.test_wisedrive_encryption.TestLargePayloadHandling" name="test_large_payload_with_many_dtcs" time="0.006" /><testcase classname="backend.tests.test_wisedrive_encryption.TestSpecialCharactersInData" name="test_unicode_license_plate" time="0.006" /><testcase classname="backend.tests.test_wisedrive_encryption.TestSpecialCharactersInData" name="test_special_characters_in_vin" time="0.006" /><testcase classname="backend.tests.test_wisedrive_encryption.TestSpecialCharactersInData" name="test_emoji_in_data" time="0.006" /><testcase classname="backend.tests.test_wisedrive_encryption.TestPythonKotlinCompatibility" name="test_header_structure_matches_kotlin" time="0.000" /><testcase classname="backend.tests.test_wisedrive_encryption.TestPythonKotlinCompatibility" name="test_byte_layout_matches_kotlin" time="0.000" /></testsuite></testsuites>