<?xml version="1.0" encoding="UTF-8"?>
<testsuite name="com.wisedrive.obd2.network.MockAPIClientTest" tests="4" skipped="0" failures="0" errors="0" timestamp="2026-03-22T14:41:47" hostname="agent-env-9669a714-267c-4d78-aca9-6f1985c62200" time="4.011">
  <properties/>
  <testcase name="fetchEncryptionKeyReturnsValidData" classname="com.wisedrive.obd2.network.MockAPIClientTest" time="0.505"/>
  <testcase name="submitReportHandlesVariousPayloadSizes" classname="com.wisedrive.obd2.network.MockAPIClientTest" time="2.003"/>
  <testcase name="encryptionKeyExpiresIn24Hours" classname="com.wisedrive.obd2.network.MockAPIClientTest" time="0.501"/>
  <testcase name="submitReportAlwaysSucceedsInMockMode" classname="com.wisedrive.obd2.network.MockAPIClientTest" time="1.001"/>
  <system-out><![CDATA[]]></system-out>
  <system-err><![CDATA[]]></system-err>
</testsuite>
