<?xml version="1.0" encoding="UTF-8"?>
<testsuite name="com.wisedrive.obd2.protocol.DTCParserTest" tests="10" skipped="0" failures="0" errors="0" timestamp="2026-03-22T13:45:22" hostname="agent-env-9669a714-267c-4d78-aca9-6f1985c62200" time="0.007">
  <properties/>
  <testcase name="parse multi-ECU response with headers" classname="com.wisedrive.obd2.protocol.DTCParserTest" time="0.005"/>
  <testcase name="decode Network DTC - U category" classname="com.wisedrive.obd2.protocol.DTCParserTest" time="0.0"/>
  <testcase name="parse no permanent DTCs - Mode 0A" classname="com.wisedrive.obd2.protocol.DTCParserTest" time="0.0"/>
  <testcase name="parse healthy car - no DTCs" classname="com.wisedrive.obd2.protocol.DTCParserTest" time="0.0"/>
  <testcase name="decode Chassis DTC - C category" classname="com.wisedrive.obd2.protocol.DTCParserTest" time="0.0"/>
  <testcase name="parse single DTC - P0133" classname="com.wisedrive.obd2.protocol.DTCParserTest" time="0.0"/>
  <testcase name="decode Body DTC - B category" classname="com.wisedrive.obd2.protocol.DTCParserTest" time="0.0"/>
  <testcase name="parse multiple DTCs" classname="com.wisedrive.obd2.protocol.DTCParserTest" time="0.001"/>
  <testcase name="parse pending DTCs - Mode 07" classname="com.wisedrive.obd2.protocol.DTCParserTest" time="0.0"/>
  <testcase name="get category name" classname="com.wisedrive.obd2.protocol.DTCParserTest" time="0.0"/>
  <system-out><![CDATA[]]></system-out>
  <system-err><![CDATA[]]></system-err>
</testsuite>
