<?xml version="1.0" encoding="UTF-8"?>
<testsuite name="com.wisedrive.obd2.adapter.MockAdapterTest" tests="11" skipped="0" failures="0" errors="0" timestamp="2026-03-22T14:27:47" hostname="agent-env-9669a714-267c-4d78-aca9-6f1985c62200" time="6.045">
  <properties/>
  <testcase name="readWithoutConnectionThrows" classname="com.wisedrive.obd2.adapter.MockAdapterTest" time="0.041"/>
  <testcase name="connectToValidDeviceSucceeds" classname="com.wisedrive.obd2.adapter.MockAdapterTest" time="0.504"/>
  <testcase name="readReturnsMockResponseForOBDCommands" classname="com.wisedrive.obd2.adapter.MockAdapterTest" time="0.846"/>
  <testcase name="connectToNonConnectableDeviceFails" classname="com.wisedrive.obd2.adapter.MockAdapterTest" time="0.501"/>
  <testcase name="writeAndReadATCommand" classname="com.wisedrive.obd2.adapter.MockAdapterTest" time="0.957"/>
  <testcase name="dataCallbackCanBeUnregistered" classname="com.wisedrive.obd2.adapter.MockAdapterTest" time="1.489"/>
  <testcase name="connectToInvalidDeviceFails" classname="com.wisedrive.obd2.adapter.MockAdapterTest" time="0.501"/>
  <testcase name="adapterIsAlwaysAvailable" classname="com.wisedrive.obd2.adapter.MockAdapterTest" time="0.001"/>
  <testcase name="scanReturnsMockDevices" classname="com.wisedrive.obd2.adapter.MockAdapterTest" time="0.602"/>
  <testcase name="writeWithoutConnectionThrows" classname="com.wisedrive.obd2.adapter.MockAdapterTest" time="0.001"/>
  <testcase name="disconnectClearsConnectionState" classname="com.wisedrive.obd2.adapter.MockAdapterTest" time="0.601"/>
  <system-out><![CDATA[]]></system-out>
  <system-err><![CDATA[]]></system-err>
</testsuite>
