<?xml version="1.0" encoding="UTF-8"?>
<testsuite name="com.wisedrive.obd2.protocol.LiveDataParserTest" tests="10" skipped="0" failures="0" errors="0" timestamp="2026-03-22T14:27:57" hostname="agent-env-9669a714-267c-4d78-aca9-6f1985c62200" time="0.005">
  <properties/>
  <testcase name="parse Vehicle Speed - PID 0D" classname="com.wisedrive.obd2.protocol.LiveDataParserTest" time="0.003"/>
  <testcase name="parse Engine Load - PID 04" classname="com.wisedrive.obd2.protocol.LiveDataParserTest" time="0.0"/>
  <testcase name="return null for unsupported PID" classname="com.wisedrive.obd2.protocol.LiveDataParserTest" time="0.0"/>
  <testcase name="parse RPM - PID 0C" classname="com.wisedrive.obd2.protocol.LiveDataParserTest" time="0.0"/>
  <testcase name="parse Coolant Temp - PID 05" classname="com.wisedrive.obd2.protocol.LiveDataParserTest" time="0.001"/>
  <testcase name="parse Control Module Voltage - PID 42" classname="com.wisedrive.obd2.protocol.LiveDataParserTest" time="0.0"/>
  <testcase name="parse Intake Air Temp - PID 0F" classname="com.wisedrive.obd2.protocol.LiveDataParserTest" time="0.0"/>
  <testcase name="parse Throttle Position - PID 11" classname="com.wisedrive.obd2.protocol.LiveDataParserTest" time="0.0"/>
  <testcase name="return null for malformed response" classname="com.wisedrive.obd2.protocol.LiveDataParserTest" time="0.001"/>
  <testcase name="parse response with ECU header" classname="com.wisedrive.obd2.protocol.LiveDataParserTest" time="0.0"/>
  <system-out><![CDATA[]]></system-out>
  <system-err><![CDATA[]]></system-err>
</testsuite>
